[2024-11-11 23:37:21] local.ERROR: SQLSTATE[HY000] [1049] Unknown database 'buits_role' (Connection: mysql, SQL: select * from `settings` limit 1) {"exception":"[object] (Illuminate\\Database\\QueryException(code: 1049): SQLSTATE[HY000] [1049] Unknown database 'buits_role' (Connection: mysql, SQL: select * from `settings` limit 1) at /Users/rayhankabir/Workspace/8.2/buits-role-fbc/vendor/laravel/framework/src/Illuminate/Database/Connection.php:813)
[stacktrace]
#0 /Users/rayhankabir/Workspace/8.2/buits-role-fbc/vendor/laravel/framework/src/Illuminate/Database/Connection.php(767): Illuminate\\Database\\Connection->runQueryCallback('select * from `...', Array, Object(Closure))
#1 /Users/rayhankabir/Workspace/8.2/buits-role-fbc/vendor/laravel/framework/src/Illuminate/Database/Connection.php(398): Illuminate\\Database\\Connection->run('select * from `...', Array, Object(Closure))
#2 /Users/rayhankabir/Workspace/8.2/buits-role-fbc/vendor/laravel/framework/src/Illuminate/Database/Query/Builder.php(2899): Illuminate\\Database\\Connection->select('select * from `...', Array, true)
#3 /Users/rayhankabir/Workspace/8.2/buits-role-fbc/vendor/laravel/framework/src/Illuminate/Database/Query/Builder.php(2884): Illuminate\\Database\\Query\\Builder->runSelect()
#4 /Users/rayhankabir/Workspace/8.2/buits-role-fbc/vendor/laravel/framework/src/Illuminate/Database/Query/Builder.php(3468): Illuminate\\Database\\Query\\Builder->Illuminate\\Database\\Query\\{closure}()
#5 /Users/rayhankabir/Workspace/8.2/buits-role-fbc/vendor/laravel/framework/src/Illuminate/Database/Query/Builder.php(2883): Illuminate\\Database\\Query\\Builder->onceWithColumns(Array, Object(Closure))
#6 /Users/rayhankabir/Workspace/8.2/buits-role-fbc/vendor/laravel/framework/src/Illuminate/Database/Eloquent/Builder.php(738): Illuminate\\Database\\Query\\Builder->get(Array)
#7 /Users/rayhankabir/Workspace/8.2/buits-role-fbc/vendor/laravel/framework/src/Illuminate/Database/Eloquent/Builder.php(722): Illuminate\\Database\\Eloquent\\Builder->getModels(Array)
#8 /Users/rayhankabir/Workspace/8.2/buits-role-fbc/vendor/laravel/framework/src/Illuminate/Database/Concerns/BuildsQueries.php(333): Illuminate\\Database\\Eloquent\\Builder->get(Array)
#9 /Users/rayhankabir/Workspace/8.2/buits-role-fbc/vendor/laravel/framework/src/Illuminate/Support/Traits/ForwardsCalls.php(23): Illuminate\\Database\\Eloquent\\Builder->first()
#10 /Users/rayhankabir/Workspace/8.2/buits-role-fbc/vendor/laravel/framework/src/Illuminate/Database/Eloquent/Model.php(2339): Illuminate\\Database\\Eloquent\\Model->forwardCallTo(Object(Illuminate\\Database\\Eloquent\\Builder), 'first', Array)
#11 /Users/rayhankabir/Workspace/8.2/buits-role-fbc/vendor/laravel/framework/src/Illuminate/Database/Eloquent/Model.php(2351): Illuminate\\Database\\Eloquent\\Model->__call('first', Array)
#12 /Users/rayhankabir/Workspace/8.2/buits-role-fbc/app/Providers/AppServiceProvider.php(50): Illuminate\\Database\\Eloquent\\Model::__callStatic('first', Array)
#13 /Users/rayhankabir/Workspace/8.2/buits-role-fbc/vendor/laravel/framework/src/Illuminate/Container/BoundMethod.php(36): App\\Providers\\AppServiceProvider->boot()
#14 /Users/rayhankabir/Workspace/8.2/buits-role-fbc/vendor/laravel/framework/src/Illuminate/Container/Util.php(41): Illuminate\\Container\\BoundMethod::Illuminate\\Container\\{closure}()
#15 /Users/rayhankabir/Workspace/8.2/buits-role-fbc/vendor/laravel/framework/src/Illuminate/Container/BoundMethod.php(93): Illuminate\\Container\\Util::unwrapIfClosure(Object(Closure))
#16 /Users/rayhankabir/Workspace/8.2/buits-role-fbc/vendor/laravel/framework/src/Illuminate/Container/BoundMethod.php(35): Illuminate\\Container\\BoundMethod::callBoundMethod(Object(Illuminate\\Foundation\\Application), Array, Object(Closure))
#17 /Users/rayhankabir/Workspace/8.2/buits-role-fbc/vendor/laravel/framework/src/Illuminate/Container/Container.php(662): Illuminate\\Container\\BoundMethod::call(Object(Illuminate\\Foundation\\Application), Array, Array, NULL)
#18 /Users/rayhankabir/Workspace/8.2/buits-role-fbc/vendor/laravel/framework/src/Illuminate/Foundation/Application.php(1099): Illuminate\\Container\\Container->call(Array)
#19 /Users/rayhankabir/Workspace/8.2/buits-role-fbc/vendor/laravel/framework/src/Illuminate/Foundation/Application.php(1080): Illuminate\\Foundation\\Application->bootProvider(Object(App\\Providers\\AppServiceProvider))
#20 [internal function]: Illuminate\\Foundation\\Application->Illuminate\\Foundation\\{closure}(Object(App\\Providers\\AppServiceProvider), 25)
#21 /Users/rayhankabir/Workspace/8.2/buits-role-fbc/vendor/laravel/framework/src/Illuminate/Foundation/Application.php(1079): array_walk(Array, Object(Closure))
#22 /Users/rayhankabir/Workspace/8.2/buits-role-fbc/vendor/laravel/framework/src/Illuminate/Foundation/Bootstrap/BootProviders.php(17): Illuminate\\Foundation\\Application->boot()
#23 /Users/rayhankabir/Workspace/8.2/buits-role-fbc/vendor/laravel/framework/src/Illuminate/Foundation/Application.php(309): Illuminate\\Foundation\\Bootstrap\\BootProviders->bootstrap(Object(Illuminate\\Foundation\\Application))
#24 /Users/rayhankabir/Workspace/8.2/buits-role-fbc/vendor/laravel/framework/src/Illuminate/Foundation/Http/Kernel.php(186): Illuminate\\Foundation\\Application->bootstrapWith(Array)
#25 /Users/rayhankabir/Workspace/8.2/buits-role-fbc/vendor/laravel/framework/src/Illuminate/Foundation/Http/Kernel.php(170): Illuminate\\Foundation\\Http\\Kernel->bootstrap()
#26 /Users/rayhankabir/Workspace/8.2/buits-role-fbc/vendor/laravel/framework/src/Illuminate/Foundation/Http/Kernel.php(144): Illuminate\\Foundation\\Http\\Kernel->sendRequestThroughRouter(Object(Illuminate\\Http\\Request))
#27 /Users/rayhankabir/Workspace/8.2/buits-role-fbc/vendor/laravel/framework/src/Illuminate/Foundation/Application.php(1168): Illuminate\\Foundation\\Http\\Kernel->handle(Object(Illuminate\\Http\\Request))
#28 /Users/rayhankabir/Workspace/8.2/buits-role-fbc/public/index.php(17): Illuminate\\Foundation\\Application->handleRequest(Object(Illuminate\\Http\\Request))
#29 /Users/rayhankabir/.composer/vendor/laravel/valet/server.php(110): require('/Users/rayhanka...')
#30 {main}

[previous exception] [object] (PDOException(code: 1049): SQLSTATE[HY000] [1049] Unknown database 'buits_role' at /Users/rayhankabir/Workspace/8.2/buits-role-fbc/vendor/laravel/framework/src/Illuminate/Database/Connectors/Connector.php:65)
[stacktrace]
#0 /Users/rayhankabir/Workspace/8.2/buits-role-fbc/vendor/laravel/framework/src/Illuminate/Database/Connectors/Connector.php(65): PDO->__construct('mysql:host=127....', 'root', Object(SensitiveParameterValue), Array)
#1 /Users/rayhankabir/Workspace/8.2/buits-role-fbc/vendor/laravel/framework/src/Illuminate/Database/Connectors/Connector.php(44): Illuminate\\Database\\Connectors\\Connector->createPdoConnection('mysql:host=127....', 'root', '', Array)
#2 /Users/rayhankabir/Workspace/8.2/buits-role-fbc/vendor/laravel/framework/src/Illuminate/Database/Connectors/MySqlConnector.php(24): Illuminate\\Database\\Connectors\\Connector->createConnection('mysql:host=127....', Array, Array)
#3 /Users/rayhankabir/Workspace/8.2/buits-role-fbc/vendor/laravel/framework/src/Illuminate/Database/Connectors/ConnectionFactory.php(185): Illuminate\\Database\\Connectors\\MySqlConnector->connect(Array)
#4 [internal function]: Illuminate\\Database\\Connectors\\ConnectionFactory->Illuminate\\Database\\Connectors\\{closure}()
#5 /Users/rayhankabir/Workspace/8.2/buits-role-fbc/vendor/laravel/framework/src/Illuminate/Database/Connection.php(1219): call_user_func(Object(Closure))
#6 /Users/rayhankabir/Workspace/8.2/buits-role-fbc/vendor/laravel/framework/src/Illuminate/Database/Connection.php(1255): Illuminate\\Database\\Connection->getPdo()
#7 /Users/rayhankabir/Workspace/8.2/buits-role-fbc/vendor/laravel/framework/src/Illuminate/Database/Connection.php(512): Illuminate\\Database\\Connection->getReadPdo()
#8 /Users/rayhankabir/Workspace/8.2/buits-role-fbc/vendor/laravel/framework/src/Illuminate/Database/Connection.php(407): Illuminate\\Database\\Connection->getPdoForSelect(true)
#9 /Users/rayhankabir/Workspace/8.2/buits-role-fbc/vendor/laravel/framework/src/Illuminate/Database/Connection.php(800): Illuminate\\Database\\Connection->Illuminate\\Database\\{closure}('select * from `...', Array)
#10 /Users/rayhankabir/Workspace/8.2/buits-role-fbc/vendor/laravel/framework/src/Illuminate/Database/Connection.php(767): Illuminate\\Database\\Connection->runQueryCallback('select * from `...', Array, Object(Closure))
#11 /Users/rayhankabir/Workspace/8.2/buits-role-fbc/vendor/laravel/framework/src/Illuminate/Database/Connection.php(398): Illuminate\\Database\\Connection->run('select * from `...', Array, Object(Closure))
#12 /Users/rayhankabir/Workspace/8.2/buits-role-fbc/vendor/laravel/framework/src/Illuminate/Database/Query/Builder.php(2899): Illuminate\\Database\\Connection->select('select * from `...', Array, true)
#13 /Users/rayhankabir/Workspace/8.2/buits-role-fbc/vendor/laravel/framework/src/Illuminate/Database/Query/Builder.php(2884): Illuminate\\Database\\Query\\Builder->runSelect()
#14 /Users/rayhankabir/Workspace/8.2/buits-role-fbc/vendor/laravel/framework/src/Illuminate/Database/Query/Builder.php(3468): Illuminate\\Database\\Query\\Builder->Illuminate\\Database\\Query\\{closure}()
#15 /Users/rayhankabir/Workspace/8.2/buits-role-fbc/vendor/laravel/framework/src/Illuminate/Database/Query/Builder.php(2883): Illuminate\\Database\\Query\\Builder->onceWithColumns(Array, Object(Closure))
#16 /Users/rayhankabir/Workspace/8.2/buits-role-fbc/vendor/laravel/framework/src/Illuminate/Database/Eloquent/Builder.php(738): Illuminate\\Database\\Query\\Builder->get(Array)
#17 /Users/rayhankabir/Workspace/8.2/buits-role-fbc/vendor/laravel/framework/src/Illuminate/Database/Eloquent/Builder.php(722): Illuminate\\Database\\Eloquent\\Builder->getModels(Array)
#18 /Users/rayhankabir/Workspace/8.2/buits-role-fbc/vendor/laravel/framework/src/Illuminate/Database/Concerns/BuildsQueries.php(333): Illuminate\\Database\\Eloquent\\Builder->get(Array)
#19 /Users/rayhankabir/Workspace/8.2/buits-role-fbc/vendor/laravel/framework/src/Illuminate/Support/Traits/ForwardsCalls.php(23): Illuminate\\Database\\Eloquent\\Builder->first()
#20 /Users/rayhankabir/Workspace/8.2/buits-role-fbc/vendor/laravel/framework/src/Illuminate/Database/Eloquent/Model.php(2339): Illuminate\\Database\\Eloquent\\Model->forwardCallTo(Object(Illuminate\\Database\\Eloquent\\Builder), 'first', Array)
#21 /Users/rayhankabir/Workspace/8.2/buits-role-fbc/vendor/laravel/framework/src/Illuminate/Database/Eloquent/Model.php(2351): Illuminate\\Database\\Eloquent\\Model->__call('first', Array)
#22 /Users/rayhankabir/Workspace/8.2/buits-role-fbc/app/Providers/AppServiceProvider.php(50): Illuminate\\Database\\Eloquent\\Model::__callStatic('first', Array)
#23 /Users/rayhankabir/Workspace/8.2/buits-role-fbc/vendor/laravel/framework/src/Illuminate/Container/BoundMethod.php(36): App\\Providers\\AppServiceProvider->boot()
#24 /Users/rayhankabir/Workspace/8.2/buits-role-fbc/vendor/laravel/framework/src/Illuminate/Container/Util.php(41): Illuminate\\Container\\BoundMethod::Illuminate\\Container\\{closure}()
#25 /Users/rayhankabir/Workspace/8.2/buits-role-fbc/vendor/laravel/framework/src/Illuminate/Container/BoundMethod.php(93): Illuminate\\Container\\Util::unwrapIfClosure(Object(Closure))
#26 /Users/rayhankabir/Workspace/8.2/buits-role-fbc/vendor/laravel/framework/src/Illuminate/Container/BoundMethod.php(35): Illuminate\\Container\\BoundMethod::callBoundMethod(Object(Illuminate\\Foundation\\Application), Array, Object(Closure))
#27 /Users/rayhankabir/Workspace/8.2/buits-role-fbc/vendor/laravel/framework/src/Illuminate/Container/Container.php(662): Illuminate\\Container\\BoundMethod::call(Object(Illuminate\\Foundation\\Application), Array, Array, NULL)
#28 /Users/rayhankabir/Workspace/8.2/buits-role-fbc/vendor/laravel/framework/src/Illuminate/Foundation/Application.php(1099): Illuminate\\Container\\Container->call(Array)
#29 /Users/rayhankabir/Workspace/8.2/buits-role-fbc/vendor/laravel/framework/src/Illuminate/Foundation/Application.php(1080): Illuminate\\Foundation\\Application->bootProvider(Object(App\\Providers\\AppServiceProvider))
#30 [internal function]: Illuminate\\Foundation\\Application->Illuminate\\Foundation\\{closure}(Object(App\\Providers\\AppServiceProvider), 25)
#31 /Users/rayhankabir/Workspace/8.2/buits-role-fbc/vendor/laravel/framework/src/Illuminate/Foundation/Application.php(1079): array_walk(Array, Object(Closure))
#32 /Users/rayhankabir/Workspace/8.2/buits-role-fbc/vendor/laravel/framework/src/Illuminate/Foundation/Bootstrap/BootProviders.php(17): Illuminate\\Foundation\\Application->boot()
#33 /Users/rayhankabir/Workspace/8.2/buits-role-fbc/vendor/laravel/framework/src/Illuminate/Foundation/Application.php(309): Illuminate\\Foundation\\Bootstrap\\BootProviders->bootstrap(Object(Illuminate\\Foundation\\Application))
#34 /Users/rayhankabir/Workspace/8.2/buits-role-fbc/vendor/laravel/framework/src/Illuminate/Foundation/Http/Kernel.php(186): Illuminate\\Foundation\\Application->bootstrapWith(Array)
#35 /Users/rayhankabir/Workspace/8.2/buits-role-fbc/vendor/laravel/framework/src/Illuminate/Foundation/Http/Kernel.php(170): Illuminate\\Foundation\\Http\\Kernel->bootstrap()
#36 /Users/rayhankabir/Workspace/8.2/buits-role-fbc/vendor/laravel/framework/src/Illuminate/Foundation/Http/Kernel.php(144): Illuminate\\Foundation\\Http\\Kernel->sendRequestThroughRouter(Object(Illuminate\\Http\\Request))
#37 /Users/rayhankabir/Workspace/8.2/buits-role-fbc/vendor/laravel/framework/src/Illuminate/Foundation/Application.php(1168): Illuminate\\Foundation\\Http\\Kernel->handle(Object(Illuminate\\Http\\Request))
#38 /Users/rayhankabir/Workspace/8.2/buits-role-fbc/public/index.php(17): Illuminate\\Foundation\\Application->handleRequest(Object(Illuminate\\Http\\Request))
#39 /Users/rayhankabir/.composer/vendor/laravel/valet/server.php(110): require('/Users/rayhanka...')
#40 {main}
"} 
